<?xml version="1.0" encoding="UTF-8"?>
<testng-results ignored="0" total="1" passed="1" failed="0" skipped="0">
  <reporter-output>
  </reporter-output>
  <suite started-at="2023-10-09T11:57:56 IST" name="Default suite" finished-at="2023-10-09T11:58:20 IST" duration-ms="24696">
    <groups>
    </groups>
    <test started-at="2023-10-09T11:57:56 IST" name="Default test" finished-at="2023-10-09T11:58:20 IST" duration-ms="24696">
      <class name="com.testcases.AddProductTest">
        <test-method is-config="true" signature="setup()[pri:0, instance:com.testcases.AddProductTest@2b71e916]" started-at="2023-10-09T11:57:56 IST" name="setup" finished-at="2023-10-09T11:58:01 IST" duration-ms="4216" status="PASS">
          <reporter-output>
          </reporter-output>
        </test-method> <!-- setup -->
        <test-method signature="addp(java.lang.String,java.lang.String,java.lang.String,java.lang.String,java.lang.String,java.lang.String,java.lang.String,java.lang.String,java.lang.String)[pri:0, instance:com.testcases.AddProductTest@2b71e916]" started-at="2023-10-09T11:58:01 IST" name="addp" data-provider="dataload" finished-at="2023-10-09T11:58:20 IST" duration-ms="19768" status="PASS">
          <params>
            <param index="0">
              <value>
                <![CDATA[8888420421]]>
              </value>
            </param>
            <param index="1">
              <value>
                <![CDATA[dining chair]]>
              </value>
            </param>
            <param index="2">
              <value>
                <![CDATA[armless chair]]>
              </value>
            </param>
            <param index="3">
              <value>
                <![CDATA[22]]>
              </value>
            </param>
            <param index="4">
              <value>
                <![CDATA[18]]>
              </value>
            </param>
            <param index="5">
              <value>
                <![CDATA[22]]>
              </value>
            </param>
            <param index="6">
              <value>
                <![CDATA[black]]>
              </value>
            </param>
            <param index="7">
              <value>
                <![CDATA[3000]]>
              </value>
            </param>
            <param index="8">
              <value>
                <![CDATA[4]]>
              </value>
            </param>
          </params>
          <reporter-output>
          </reporter-output>
        </test-method> <!-- addp -->
        <test-method is-config="true" signature="teardown()[pri:0, instance:com.testcases.AddProductTest@2b71e916]" started-at="2023-10-09T11:58:20 IST" name="teardown" finished-at="2023-10-09T11:58:20 IST" duration-ms="0" status="PASS">
          <reporter-output>
          </reporter-output>
        </test-method> <!-- teardown -->
      </class> <!-- com.testcases.AddProductTest -->
    </test> <!-- Default test -->
  </suite> <!-- Default suite -->
</testng-results>
